<?xml version="1.0" encoding="utf-8"?><testsuites name="pytest tests"><testsuite name="pytest" errors="0" failures="0" skipped="0" tests="12" time="0.219" timestamp="2026-09-08T22:11:04.827801+01:00" hostname="m1t-xz"><testcase classname="tests.test_engine" name="test_five_lap_manual_oracle" time="0.007" /><testcase classname="tests.test_engine" name="test_no_stop_manual" time="0.001" /><testcase classname="tests.test_engine" name="test_race_boundaries[1]" time="0.001" /><testcase classname="tests.test_engine" name="test_race_boundaries[500]" time="0.008" /><testcase classname="tests.test_engine" name="test_consecutive_same_compound_stops" time="0.001" /><testcase classname="tests.test_engine" name="test_final_stop_rejected" time="0.001" /><testcase classname="tests.test_engine" name="test_zero_pit_loss" time="0.001" /><testcase classname="tests.test_engine" name="test_overflow_rejected" time="0.001" /><testcase classname="tests.test_conditions" name="test_weather_transitions" time="0.001" /><testcase classname="tests.test_conditions" name="test_weather_ties" time="0.001" /><testcase classname="tests.test_events" name="test_order_and_ties" time="0.000" /><testcase classname="tests.test_events" name="test_bad_events" time="0.001" /></testsuite></testsuites>