<?xml version="1.0" encoding="utf-8"?><testsuites name="pytest tests"><testsuite name="pytest" errors="0" failures="0" skipped="0" tests="7" time="0.156" timestamp="2026-09-08T22:18:24.777474+01:00" hostname="m1t-xz"><testcase classname="tests.test_persistence" name="test_roundtrip" time="0.033" /><testcase classname="tests.test_persistence" name="test_malformed[{]" time="0.004" /><testcase classname="tests.test_persistence" name="test_malformed[{}]" time="0.002" /><testcase classname="tests.test_persistence" name="test_malformed[{&quot;x&quot;:1,&quot;x&quot;:2}]" time="0.010" /><testcase classname="tests.test_persistence" name="test_malformed[NaN]" time="0.003" /><testcase classname="tests.test_persistence" name="test_malformed[[]]" time="0.003" /><testcase classname="tests.test_persistence" name="test_schema_and_model_validation" time="0.054" /></testsuite></testsuites>