<?xml version="1.0" encoding="utf-8"?><testsuites name="pytest tests"><testsuite name="pytest" errors="0" failures="0" skipped="0" tests="3" time="0.056" timestamp="2026-09-08T22:16:38.290795+01:00" hostname="m1t-xz"><testcase classname="tests.test_optimiser" name="test_tiny_space" time="0.004" /><testcase classname="tests.test_optimiser" name="test_minimum_stints_and_baselines" time="0.003" /><testcase classname="tests.test_optimiser" name="test_limit_and_cancel" time="0.001" /></testsuite></testsuites>