<?xml version="1.0" encoding="utf-8"?><testsuites name="pytest tests"><testsuite name="pytest" errors="0" failures="0" skipped="0" tests="33" time="0.125" timestamp="2026-09-08T22:00:48.220438+01:00" hostname="m1t-xz"><testcase classname="tests.test_models" name="test_race_boundaries[1]" time="0.001" /><testcase classname="tests.test_models" name="test_race_boundaries[500]" time="0.001" /><testcase classname="tests.test_models" name="test_invalid_race_length[0]" time="0.001" /><testcase classname="tests.test_models" name="test_invalid_race_length[-1]" time="0.001" /><testcase classname="tests.test_models" name="test_invalid_race_length[501]" time="0.001" /><testcase classname="tests.test_models" name="test_invalid_race_length[2.5]" time="0.001" /><testcase classname="tests.test_models" name="test_invalid_race_length[True]" time="0.001" /><testcase classname="tests.test_models" name="test_invalid_race_length[5]" time="0.001" /><testcase classname="tests.test_models" name="test_invalid_parameters[-1]" time="0.001" /><testcase classname="tests.test_models" name="test_invalid_parameters[nan]" time="0.001" /><testcase classname="tests.test_models" name="test_invalid_parameters[inf]" time="0.001" /><testcase classname="tests.test_models" name="test_invalid_parameters[True]" time="0.001" /><testcase classname="tests.test_models" name="test_invalid_parameters[fast]" time="0.001" /><testcase classname="tests.test_models" name="test_missing_and_duplicate_tyres" time="0.001" /><testcase classname="tests.test_models" name="test_invalid_start[None]" time="0.001" /><testcase classname="tests.test_models" name="test_invalid_start[SOFT]" time="0.000" /><testcase classname="tests.test_models" name="test_invalid_start[0]" time="0.000" /><testcase classname="tests.test_models" name="test_stop_order_and_race_end" time="0.001" /><testcase classname="tests.test_models" name="test_zero_and_negative_inputs" time="0.001" /><testcase classname="tests.test_models" name="test_results_and_state_validation" time="0.001" /><testcase classname="tests.test_physics" name="test_manual_degradation[0-0]" time="0.001" /><testcase classname="tests.test_physics" name="test_manual_degradation[1-0.2]" time="0.001" /><testcase classname="tests.test_physics" name="test_manual_degradation[3-0.6]" time="0.001" /><testcase classname="tests.test_physics" name="test_zero_degradation" time="0.001" /><testcase classname="tests.test_physics" name="test_invalid_age[-1]" time="0.001" /><testcase classname="tests.test_physics" name="test_invalid_age[0.5]" time="0.001" /><testcase classname="tests.test_physics" name="test_invalid_age[True]" time="0.001" /><testcase classname="tests.test_physics" name="test_fuel_manual" time="0.001" /><testcase classname="tests.test_physics" name="test_invalid_lap[0]" time="0.001" /><testcase classname="tests.test_physics" name="test_invalid_lap[6]" time="0.001" /><testcase classname="tests.test_physics" name="test_invalid_lap[1.5]" time="0.000" /><testcase classname="tests.test_physics" name="test_invalid_lap[True]" time="0.001" /><testcase classname="tests.test_physics" name="test_lap_manual" time="0.002" /></testsuite></testsuites>