<?xml version="1.0" encoding="utf-8"?><testsuites name="pytest tests"><testsuite name="pytest" errors="0" failures="0" skipped="0" tests="10" time="0.132" timestamp="2026-09-08T22:15:13.475679+01:00" hostname="m1t-xz"><testcase classname="tests.test_monte_carlo" name="test_manual_statistics" time="0.004" /><testcase classname="tests.test_monte_carlo" name="test_deterministic_and_replay" time="0.025" /><testcase classname="tests.test_monte_carlo" name="test_invalid_counts_and_cancel" time="0.001" /><testcase classname="tests.test_randomness" name="test_seed_reproduction" time="0.001" /><testcase classname="tests.test_randomness" name="test_bad_seed[-1]" time="0.001" /><testcase classname="tests.test_randomness" name="test_bad_seed[4294967296]" time="0.000" /><testcase classname="tests.test_randomness" name="test_bad_seed[True]" time="0.000" /><testcase classname="tests.test_randomness" name="test_bad_seed[1.5]" time="0.000" /><testcase classname="tests.test_randomness" name="test_bad_seed[42]" time="0.000" /><testcase classname="tests.test_randomness" name="test_bad_amplitude" time="0.000" /></testsuite></testsuites>