<?xml version="1.0" encoding="utf-8"?><testsuites name="pytest tests"><testsuite name="pytest" errors="0" failures="0" skipped="0" tests="84" time="6.490" timestamp="2026-09-08T22:26:42.488406+01:00" hostname="m1t-xz"><testcase classname="tests.test_advanced_gui" name="test_events_parser" time="0.001" /><testcase classname="tests.test_advanced_gui" name="test_gui_scenario_roundtrip" time="0.413" /><testcase classname="tests.test_advanced_gui" name="test_async_search_and_mc" time="1.494" /><testcase classname="tests.test_comparison" name="test_manual_comparison" time="0.002" /><testcase classname="tests.test_comparison" name="test_tie_order" time="0.001" /><testcase classname="tests.test_comparison" name="test_invalid_comparison" time="0.001" /><testcase classname="tests.test_conditions" name="test_weather_transitions" time="0.002" /><testcase classname="tests.test_conditions" name="test_weather_ties" time="0.001" /><testcase classname="tests.test_conditions" name="test_safety_car_manual" time="0.001" /><testcase classname="tests.test_conditions" name="test_invalid_safety_factor[-1]" time="0.003" /><testcase classname="tests.test_conditions" name="test_invalid_safety_factor[1.01]" time="0.001" /><testcase classname="tests.test_conditions" name="test_invalid_safety_factor[nan]" time="0.001" /><testcase classname="tests.test_engine" name="test_five_lap_manual_oracle" time="0.003" /><testcase classname="tests.test_engine" name="test_no_stop_manual" time="0.001" /><testcase classname="tests.test_engine" name="test_race_boundaries[1]" time="0.001" /><testcase classname="tests.test_engine" name="test_race_boundaries[500]" time="0.014" /><testcase classname="tests.test_engine" name="test_consecutive_same_compound_stops" time="0.002" /><testcase classname="tests.test_engine" name="test_final_stop_rejected" time="0.001" /><testcase classname="tests.test_engine" name="test_zero_pit_loss" time="0.002" /><testcase classname="tests.test_engine" name="test_overflow_rejected" time="0.001" /><testcase classname="tests.test_events" name="test_order_and_ties" time="0.001" /><testcase classname="tests.test_events" name="test_bad_events" time="0.001" /><testcase classname="tests.test_final_robustness" name="test_json_collection_types[events]" time="0.029" /><testcase classname="tests.test_final_robustness" name="test_json_collection_types[planned_stops]" time="0.013" /><testcase classname="tests.test_final_robustness" name="test_independent_search_oracle" time="0.004" /><testcase classname="tests.test_final_robustness" name="test_trial_reconstruction" time="0.006" /><testcase classname="tests.test_final_robustness" name="test_maximum_comparison" time="0.243" /><testcase classname="tests.test_gui" name="test_parser" time="0.001" /><testcase classname="tests.test_gui" name="test_real_gui_comparison_and_invalidation" time="0.572" /><testcase classname="tests.test_gui" name="test_invalid_stop_error_and_recovery" time="0.829" /><testcase classname="tests.test_gui" name="test_single_and_add_remove" time="0.908" /><testcase classname="tests.test_models" name="test_race_boundaries[1]" time="0.002" /><testcase classname="tests.test_models" name="test_race_boundaries[500]" time="0.001" /><testcase classname="tests.test_models" name="test_invalid_race_length[0]" time="0.001" /><testcase classname="tests.test_models" name="test_invalid_race_length[-1]" time="0.002" /><testcase classname="tests.test_models" name="test_invalid_race_length[501]" time="0.001" /><testcase classname="tests.test_models" name="test_invalid_race_length[2.5]" time="0.001" /><testcase classname="tests.test_models" name="test_invalid_race_length[True]" time="0.001" /><testcase classname="tests.test_models" name="test_invalid_race_length[5]" time="0.001" /><testcase classname="tests.test_models" name="test_invalid_parameters[-1]" time="0.001" /><testcase classname="tests.test_models" name="test_invalid_parameters[nan]" time="0.001" /><testcase classname="tests.test_models" name="test_invalid_parameters[inf]" time="0.001" /><testcase classname="tests.test_models" name="test_invalid_parameters[True]" time="0.001" /><testcase classname="tests.test_models" name="test_invalid_parameters[fast]" time="0.001" /><testcase classname="tests.test_models" name="test_missing_and_duplicate_tyres" time="0.001" /><testcase classname="tests.test_models" name="test_invalid_start[None]" time="0.001" /><testcase classname="tests.test_models" name="test_invalid_start[SOFT]" time="0.001" /><testcase classname="tests.test_models" name="test_invalid_start[0]" time="0.001" /><testcase classname="tests.test_models" name="test_stop_order_and_race_end" time="0.001" /><testcase classname="tests.test_models" name="test_zero_and_negative_inputs" time="0.001" /><testcase classname="tests.test_models" name="test_results_and_state_validation" time="0.001" /><testcase classname="tests.test_monte_carlo" name="test_manual_statistics" time="0.002" /><testcase classname="tests.test_monte_carlo" name="test_deterministic_and_replay" time="0.042" /><testcase classname="tests.test_monte_carlo" name="test_invalid_counts_and_cancel" time="0.001" /><testcase classname="tests.test_optimiser" name="test_tiny_space" time="0.004" /><testcase classname="tests.test_optimiser" name="test_minimum_stints_and_baselines" time="0.002" /><testcase classname="tests.test_optimiser" name="test_limit_and_cancel" time="0.003" /><testcase classname="tests.test_persistence" name="test_roundtrip" time="0.020" /><testcase classname="tests.test_persistence" name="test_malformed[{]" time="0.015" /><testcase classname="tests.test_persistence" name="test_malformed[{}]" time="0.005" /><testcase classname="tests.test_persistence" name="test_malformed[{&quot;x&quot;:1,&quot;x&quot;:2}]" time="0.009" /><testcase classname="tests.test_persistence" name="test_malformed[NaN]" time="0.005" /><testcase classname="tests.test_persistence" name="test_malformed[[]]" time="0.008" /><testcase classname="tests.test_persistence" name="test_schema_and_model_validation" time="0.046" /><testcase classname="tests.test_physics" name="test_manual_degradation[0-0]" time="0.002" /><testcase classname="tests.test_physics" name="test_manual_degradation[1-0.2]" time="0.003" /><testcase classname="tests.test_physics" name="test_manual_degradation[3-0.6]" time="0.001" /><testcase classname="tests.test_physics" name="test_zero_degradation" time="0.001" /><testcase classname="tests.test_physics" name="test_invalid_age[-1]" time="0.001" /><testcase classname="tests.test_physics" name="test_invalid_age[0.5]" time="0.001" /><testcase classname="tests.test_physics" name="test_invalid_age[True]" time="0.001" /><testcase classname="tests.test_physics" name="test_fuel_manual" time="0.001" /><testcase classname="tests.test_physics" name="test_invalid_lap[0]" time="0.001" /><testcase classname="tests.test_physics" name="test_invalid_lap[6]" time="0.001" /><testcase classname="tests.test_physics" name="test_invalid_lap[1.5]" time="0.003" /><testcase classname="tests.test_physics" name="test_invalid_lap[True]" time="0.001" /><testcase classname="tests.test_physics" name="test_lap_manual" time="0.002" /><testcase classname="tests.test_randomness" name="test_seed_reproduction" time="0.002" /><testcase classname="tests.test_randomness" name="test_bad_seed[-1]" time="0.001" /><testcase classname="tests.test_randomness" name="test_bad_seed[4294967296]" time="0.002" /><testcase classname="tests.test_randomness" name="test_bad_seed[True]" time="0.001" /><testcase classname="tests.test_randomness" name="test_bad_seed[1.5]" time="0.001" /><testcase classname="tests.test_randomness" name="test_bad_seed[42]" time="0.001" /><testcase classname="tests.test_randomness" name="test_bad_amplitude" time="0.001" /></testsuite></testsuites>